[2018/8/4 21:37:19] 201884213719  Initi...
[2018/8/4 21:37:19] CLPath:G:\VSCsharpProject\ColorLauncherBox\ColorLauncherBox\bin\Debug\ColorLauncher
[2018/8/4 21:37:19] INIPATH:G:\VSCsharpProject\ColorLauncherBox\ColorLauncherBox\bin\Debug\ColorLauncher\sys\basic.jsys
[2018/8/4 21:37:19] title:ColorLauncher 1.0
[2018/8/4 21:37:19] LaunchVer:1.12.2
[2018/8/4 21:37:19] imageNotice:http://www.jayshonyves.net/ImageNotice/index.html
[2018/8/4 21:37:19] textnotice:http://www.jayshonyves.net/ImageNotice/notice.txt
[2018/8/4 21:37:19] picnotice:http://www.jayshonyves.net/ImageNotice/pic.jpg
[2018/8/4 21:37:19] serverWebLink:http://www.jayshonyves.net/
[2018/8/4 21:37:19] discuzWebLink:
[2018/8/4 21:37:19] skinWebLink:http://www.skinme.cc
[2018/8/4 21:37:19] joinQQGroupLink:https://jq.qq.com/?_wv=1027&k=597sJTd
[2018/8/4 21:37:19] serverName:卡洛兰物语
[2018/8/4 21:37:19] serverHost:127.0.0.1
[2018/8/4 21:37:19] serverPort:25566
[2018/8/4 21:37:19] ProgramVer:1.0
[2018/8/4 21:37:19] profilePath:G:\VSCsharpProject\ColorLauncherBox\ColorLauncherBox\bin\Debug\ColorLauncher\pfp
[2018/8/4 21:37:19] Video:True
[2018/8/4 21:37:19] isSingle:True
[2018/8/4 21:37:19] Load Form1 InitializeComponent
[2018/8/4 21:37:20] Form1_Load
[2018/8/4 21:37:20] Load title.png
[2018/8/4 21:37:20] Load Username
[2018/8/4 21:37:20] Load Password
[2018/8/4 21:37:20] Load Versions
[2018/8/4 21:37:20] Load Music
[2018/8/4 21:37:20] Load Video
[2018/8/4 21:37:20] Load CheckBtn
