[2018/7/8 15:40:14] 201878154014  Initi...
[2018/7/8 15:40:14] CLPath:G:\VSCsharpProject\ColorLauncherBox\ColorLauncherBox\bin\Debug\ColorLauncher
[2018/7/8 15:40:14] INIPATH:G:\VSCsharpProject\ColorLauncherBox\ColorLauncherBox\bin\Debug\ColorLauncher\sys\basic.jsys
[2018/7/8 15:40:14] title:ColorLauncher 1.0
[2018/7/8 15:40:14] LaunchVer:1.12.2
[2018/7/8 15:40:14] imageNotice:http://www.jayshonyves.net/ImageNotice/index.html
[2018/7/8 15:40:14] textnotice:http://www.jayshonyves.net/ImageNotice/notice.txt
[2018/7/8 15:40:14] picnotice:http://www.jayshonyves.net/ImageNotice/pic.jpg
[2018/7/8 15:40:14] serverWebLink:http://www.jayshonyves.net/
[2018/7/8 15:40:14] discuzWebLink:
[2018/7/8 15:40:14] skinWebLink:http://www.skinme.cc
[2018/7/8 15:40:14] joinQQGroupLink:https://jq.qq.com/?_wv=1027&k=597sJTd
[2018/7/8 15:40:14] serverName:卡洛兰物语
[2018/7/8 15:40:14] serverHost:127.0.0.1
[2018/7/8 15:40:14] serverPort:25566
[2018/7/8 15:40:14] ProgramVer:1.0
[2018/7/8 15:40:14] profilePath:G:\VSCsharpProject\ColorLauncherBox\ColorLauncherBox\bin\Debug\ColorLauncher\pfp
[2018/7/8 15:40:14] Video:True
[2018/7/8 15:40:14] isSingle:True
[2018/7/8 15:40:14] Load Form1 InitializeComponent
[2018/7/8 15:40:14] Form1_Load
[2018/7/8 15:40:14] Load title.png
[2018/7/8 15:40:14] Load Username
[2018/7/8 15:40:14] Load Password
[2018/7/8 15:40:14] Load Versions
[2018/7/8 15:40:14] Load Music
[2018/7/8 15:40:14] Load Video
[2018/7/8 15:40:14] Load CheckBtn
[2018/7/8 15:40:27] ClickLoginBtn
[2018/7/8 15:40:27] multi
[2018/7/8 15:40:27] SaveUserList
[2018/7/8 15:40:27] LoadMainFrm
[2018/7/8 15:40:28] mainFrmInitializeComponent
[2018/7/8 15:40:28] Form1Hide
[2018/7/8 15:40:28] mainFrm_Load
[2018/7/8 15:40:28] AnimeIniti
[2018/7/8 15:40:28] InitiProfileImage
[2018/7/8 15:40:28] LoadPositionAndSize
[2018/7/8 15:40:28] LoadMaxMemoryAndJavaPath
[2018/7/8 15:40:28] LoadProfileImage
[2018/7/8 15:40:28] LoadvarText
[2018/7/8 15:40:29] MusicIniti
[2018/7/8 15:40:29] MusicPlay
